<?xml version="1.0" encoding="UTF-8"?>
<!-- Generated by org.testng.reporters.JUnitReportReporter -->
<testsuite name="DemoTest" tests="1" time="0.000" ignored="0" failures="0" timestamp="18 Dec 2019 04:18:31 GMT" skipped="0" hostname="DESKTOP-ESDH7VH" errors="0">
  <testcase name="createuser" time="0.000" classname="DemoTest"/>
</testsuite> <!-- DemoTest -->
