<?xml version="1.0" encoding="UTF-8"?>
<!-- Generated by org.testng.reporters.JUnitReportReporter -->
<testsuite name="DemoTest1" tests="1" time="0.016" ignored="0" failures="0" timestamp="18 Dec 2019 04:30:48 GMT" skipped="0" hostname="DESKTOP-ESDH7VH" errors="0">
  <testcase name="Test1" time="0.016" classname="DemoTest1"/>
</testsuite> <!-- DemoTest1 -->
