<?xml version="1.0" encoding="UTF-8"?>
<!-- Generated by org.testng.reporters.JUnitReportReporter -->
<testsuite name="com.Selenium.Practice.UrbanLadder" tests="1" time="113.378" ignored="0" failures="0" timestamp="03 Apr 2020 13:42:26 GMT" skipped="0" hostname="DESKTOP-ESDH7VH" errors="0">
  <testcase name="getAllNavOptions" time="113.378" classname="com.Selenium.Practice.UrbanLadder"/>
</testsuite> <!-- com.Selenium.Practice.UrbanLadder -->
